[debug] [2023-07-27T00:44:20.432Z] ----------------------------------------------------------------------
[debug] [2023-07-27T00:44:20.433Z] Command:       C:\Program Files\nodejs\node.exe C:\Users\samdl\AppData\Roaming\npm\node_modules\firebase-tools\lib\bin\firebase.js init
[debug] [2023-07-27T00:44:20.434Z] CLI Version:   12.4.6
[debug] [2023-07-27T00:44:20.434Z] Platform:      win32
[debug] [2023-07-27T00:44:20.434Z] Node Version:  v18.17.0
[debug] [2023-07-27T00:44:20.435Z] Time:          Wed Jul 26 2023 20:44:20 GMT-0400 (Eastern Daylight Time)
[debug] [2023-07-27T00:44:20.435Z] ----------------------------------------------------------------------
[debug] 
[debug] [2023-07-27T00:44:20.441Z] > command requires scopes: ["email","openid","https://www.googleapis.com/auth/cloudplatformprojects.readonly","https://www.googleapis.com/auth/firebase","https://www.googleapis.com/auth/cloud-platform"]
[debug] [2023-07-27T00:44:20.441Z] > authorizing via signed-in user (samdleblanc@gmail.com)
[info] 
     ######## #### ########  ######## ########     ###     ######  ########
     ##        ##  ##     ## ##       ##     ##  ##   ##  ##       ##
     ######    ##  ########  ######   ########  #########  ######  ######
     ##        ##  ##    ##  ##       ##     ## ##     ##       ## ##
     ##       #### ##     ## ######## ########  ##     ##  ######  ########

You're about to initialize a Firebase project in this directory:

  C:\Users\samdl\firebase-test

[info] 
=== Project Setup
[info] 
[info] First, let's associate this project directory with a Firebase project.
[info] You can create multiple project aliases by running firebase use --add, 
[info] but for now we'll just set up a default project.
[info] 
[debug] [2023-07-27T00:45:27.189Z] >>> [apiv2][query] GET https://firebase.googleapis.com/v1beta1/projects pageSize=100
[debug] [2023-07-27T00:45:27.703Z] <<< [apiv2][status] GET https://firebase.googleapis.com/v1beta1/projects 200
[debug] [2023-07-27T00:45:27.703Z] <<< [apiv2][body] GET https://firebase.googleapis.com/v1beta1/projects [omitted]
[info] i  Using project mufl2-3a7a1 (MUFL2) 
[info] 
=== Hosting Setup
[info] 
[info] Your public directory is the folder (relative to your project directory) that
[info] will contain Hosting assets to be uploaded with firebase deploy. If you
[info] have a build process for your assets, use your build's output directory.
[info] 
[debug] [2023-07-27T00:45:57.233Z] >>> [apiv2][query] GET https://www.gstatic.com/firebasejs/releases.json [none]
[debug] [2023-07-27T00:45:57.359Z] <<< [apiv2][status] GET https://www.gstatic.com/firebasejs/releases.json 200
[debug] [2023-07-27T00:45:57.359Z] <<< [apiv2][body] GET https://www.gstatic.com/firebasejs/releases.json {"current":{"version":"10.1.0","browserURL":"https://www.gstatic.com/firebasejs/10.1.0/firebase.js","packageURL":"https://www.gstatic.com/firebasejs/10.1.0/firebase.tgz"},"live":{"version":"10.1","browserURL":"https://www.gstatic.com/firebasejs/live/10.1/firebase.js","packageURL":"https://www.gstatic.com/firebasejs/live/10.1/firebase.tgz"},"components":{"analytics":"https://www.gstatic.com/firebasejs/10.1.0/firebase-analytics.js","app":"https://www.gstatic.com/firebasejs/10.1.0/firebase-app.js","app-check":"https://www.gstatic.com/firebasejs/10.1.0/firebase-app-check.js","auth":"https://www.gstatic.com/firebasejs/10.1.0/firebase-auth.js","auth/cordova":"https://www.gstatic.com/firebasejs/10.1.0/firebase-auth/cordova.js","functions":"https://www.gstatic.com/firebasejs/10.1.0/firebase-functions.js","firestore":"https://www.gstatic.com/firebasejs/10.1.0/firebase-firestore.js","firestore/lite":"https://www.gstatic.com/firebasejs/10.1.0/firebase-firestore/lite.js","installations":"https://www.gstatic.com/firebasejs/10.1.0/firebase-installations.js","storage":"https://www.gstatic.com/firebasejs/10.1.0/firebase-storage.js","performance":"https://www.gstatic.com/firebasejs/10.1.0/firebase-performance.js","remote-config":"https://www.gstatic.com/firebasejs/10.1.0/firebase-remote-config.js","messaging":"https://www.gstatic.com/firebasejs/10.1.0/firebase-messaging.js","messaging/sw":"https://www.gstatic.com/firebasejs/10.1.0/firebase-messaging/sw.js","database":"https://www.gstatic.com/firebasejs/10.1.0/firebase-database.js","firestore.memory":"https://www.gstatic.com/firebasejs/10.1.0/firebase-firestore.memory.js"}}
[info] +  Wrote (public)/index.html 
[info] 
[info] i  Didn't detect a .git folder. Assuming C:\Users\samdl\firebase-test is the project root. 
[info] i  Authorizing with GitHub to upload your service account to a GitHub repository's secrets store. 
[info] 
[info] Visit this URL on this device to log in:
[info] https://github.com/login/oauth/authorize?client_id=89cf50f02ac6aaed3484&state=135601636&redirect_uri=http%3A%2F%2Flocalhost%3A9005&scope=read%3Auser%20repo%20public_repo
[info] 
[info] Waiting for authentication...
[debug] [2023-07-27T00:46:26.694Z] >>> [apiv2][query] POST https://github.com/login/oauth/access_token [none]
[debug] [2023-07-27T00:46:26.695Z] >>> [apiv2][body] POST https://github.com/login/oauth/access_token [stream]
[debug] [2023-07-27T00:46:26.961Z] <<< [apiv2][status] POST https://github.com/login/oauth/access_token 200
[debug] [2023-07-27T00:46:26.961Z] <<< [apiv2][body] POST https://github.com/login/oauth/access_token {"access_token":"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","token_type":"bearer","scope":"read:user,repo"}
[debug] [2023-07-27T00:46:26.968Z] >>> [apiv2][query] GET https://api.github.com/user [none]
[debug] [2023-07-27T00:46:27.346Z] <<< [apiv2][status] GET https://api.github.com/user 200
[debug] [2023-07-27T00:46:27.346Z] <<< [apiv2][body] GET https://api.github.com/user {"login":"SamLeBlanc","id":83605234,"node_id":"MDQ6VXNlcjgzNjA1MjM0","avatar_url":"https://avatars.githubusercontent.com/u/83605234?v=4","gravatar_id":"","url":"https://api.github.com/users/SamLeBlanc","html_url":"https://github.com/SamLeBlanc","followers_url":"https://api.github.com/users/SamLeBlanc/followers","following_url":"https://api.github.com/users/SamLeBlanc/following{/other_user}","gists_url":"https://api.github.com/users/SamLeBlanc/gists{/gist_id}","starred_url":"https://api.github.com/users/SamLeBlanc/starred{/owner}{/repo}","subscriptions_url":"https://api.github.com/users/SamLeBlanc/subscriptions","organizations_url":"https://api.github.com/users/SamLeBlanc/orgs","repos_url":"https://api.github.com/users/SamLeBlanc/repos","events_url":"https://api.github.com/users/SamLeBlanc/events{/privacy}","received_events_url":"https://api.github.com/users/SamLeBlanc/received_events","type":"User","site_admin":false,"name":"Sam LeBlanc","company":"Georgetown University","blog":"","location":"Washington, DC","email":"sdl87@georgetown.edu","hireable":null,"bio":null,"twitter_username":null,"public_repos":29,"public_gists":5,"followers":5,"following":2,"created_at":"2021-05-03T17:31:32Z","updated_at":"2023-07-17T03:32:55Z","private_gists":5,"total_private_repos":3,"owned_private_repos":3,"disk_usage":1397612,"collaborators":1,"two_factor_authentication":false,"plan":{"name":"pro","space":976562499,"collaborators":0,"private_repos":9999}}
[info] 
[info] +  Success! Logged into GitHub as SamLeBlanc 
[info] 
